<?xml version="1.0" encoding="UTF-8"?>
<testng-results skipped="0" failed="0" ignored="0" total="1" passed="1">
  <reporter-output>
  </reporter-output>
  <suite name="Default suite" duration-ms="21438" started-at="2022-07-04T16:31:41Z" finished-at="2022-07-04T16:32:02Z">
    <groups>
    </groups>
    <test name="Default test" duration-ms="21438" started-at="2022-07-04T16:31:41Z" finished-at="2022-07-04T16:32:02Z">
      <class name="newproject.wishlist">
        <test-method status="PASS" signature="fnwishlistselction()[pri:0, instance:newproject.wishlist@457e2f02]" name="fnwishlistselction" duration-ms="21409" started-at="2022-07-04T16:31:41Z" finished-at="2022-07-04T16:32:02Z">
          <reporter-output>
          </reporter-output>
        </test-method> <!-- fnwishlistselction -->
      </class> <!-- newproject.wishlist -->
    </test> <!-- Default test -->
  </suite> <!-- Default suite -->
</testng-results>
